  ▲ Next.js 14.2.35
  - Local:        http://localhost:3000
  - Network:      http://0.0.0.0:3000

 ✓ Starting...
 ✓ Ready in 111ms
[31m[auth][error][0m CallbackRouteError: Read more at https://errors.authjs.dev#callbackrouteerror
[31m[auth][cause][0m: Error: self-signed certificate
    at TLSSocket.onConnectSecure (node:_tls_wrap:1695:34)
    at TLSSocket.emit (node:events:524:28)
    at TLSSocket._finishInit (node:_tls_wrap:1093:8)
    at ssl.onhandshakedone (node:_tls_wrap:879:12)
    at TLSWrap.callbackTrampoline (node:internal/async_hooks:130:17)
    at /home/appuser/coolhub/.next/standalone/.next/server/chunks/445.js:352:48171
    at new c (/home/appuser/coolhub/.next/standalone/.next/server/chunks/445.js:352:48213)
    at i (/home/appuser/coolhub/.next/standalone/.next/server/chunks/445.js:372:8477)
    at m (/home/appuser/coolhub/.next/standalone/.next/server/app/login/page.js:1:6743)
[31m[auth][details][0m: {
  "provider": "credentials"
}
[31m[auth][error][0m CallbackRouteError: Read more at https://errors.authjs.dev#callbackrouteerror
[31m[auth][cause][0m: Error: self-signed certificate
    at TLSSocket.onConnectSecure (node:_tls_wrap:1695:34)
    at TLSSocket.emit (node:events:524:28)
    at TLSSocket._finishInit (node:_tls_wrap:1093:8)
    at ssl.onhandshakedone (node:_tls_wrap:879:12)
    at TLSWrap.callbackTrampoline (node:internal/async_hooks:130:17)
    at /home/appuser/coolhub/.next/standalone/.next/server/chunks/445.js:352:48171
    at new c (/home/appuser/coolhub/.next/standalone/.next/server/chunks/445.js:352:48213)
    at i (/home/appuser/coolhub/.next/standalone/.next/server/chunks/445.js:372:8477)
    at m (/home/appuser/coolhub/.next/standalone/.next/server/app/login/page.js:1:6743)
[31m[auth][details][0m: {
  "provider": "credentials"
}
[31m[auth][error][0m CallbackRouteError: Read more at https://errors.authjs.dev#callbackrouteerror
[31m[auth][cause][0m: Error: self-signed certificate
    at TLSSocket.onConnectSecure (node:_tls_wrap:1695:34)
    at TLSSocket.emit (node:events:524:28)
    at TLSSocket._finishInit (node:_tls_wrap:1093:8)
    at ssl.onhandshakedone (node:_tls_wrap:879:12)
    at TLSWrap.callbackTrampoline (node:internal/async_hooks:130:17)
    at /home/appuser/coolhub/.next/standalone/.next/server/chunks/445.js:352:48171
    at new c (/home/appuser/coolhub/.next/standalone/.next/server/chunks/445.js:352:48213)
    at i (/home/appuser/coolhub/.next/standalone/.next/server/chunks/445.js:372:8477)
    at m (/home/appuser/coolhub/.next/standalone/.next/server/app/login/page.js:1:6743)
[31m[auth][details][0m: {
  "provider": "credentials"
}
[31m[auth][error][0m CallbackRouteError: Read more at https://errors.authjs.dev#callbackrouteerror
[31m[auth][cause][0m: Error: self-signed certificate
    at TLSSocket.onConnectSecure (node:_tls_wrap:1695:34)
    at TLSSocket.emit (node:events:524:28)
    at TLSSocket._finishInit (node:_tls_wrap:1093:8)
    at ssl.onhandshakedone (node:_tls_wrap:879:12)
    at TLSWrap.callbackTrampoline (node:internal/async_hooks:130:17)
    at /home/appuser/coolhub/.next/standalone/.next/server/chunks/445.js:352:48171
    at new c (/home/appuser/coolhub/.next/standalone/.next/server/chunks/445.js:352:48213)
    at i (/home/appuser/coolhub/.next/standalone/.next/server/chunks/445.js:372:8477)
    at m (/home/appuser/coolhub/.next/standalone/.next/server/app/login/page.js:1:6743)
[31m[auth][details][0m: {
  "provider": "credentials"
}
[31m[auth][error][0m CallbackRouteError: Read more at https://errors.authjs.dev#callbackrouteerror
[31m[auth][cause][0m: Error: self-signed certificate
    at TLSSocket.onConnectSecure (node:_tls_wrap:1695:34)
    at TLSSocket.emit (node:events:524:28)
    at TLSSocket._finishInit (node:_tls_wrap:1093:8)
    at ssl.onhandshakedone (node:_tls_wrap:879:12)
    at TLSWrap.callbackTrampoline (node:internal/async_hooks:130:17)
    at /home/appuser/coolhub/.next/standalone/.next/server/chunks/445.js:352:48171
    at new c (/home/appuser/coolhub/.next/standalone/.next/server/chunks/445.js:352:48213)
    at i (/home/appuser/coolhub/.next/standalone/.next/server/chunks/445.js:372:8477)
    at m (/home/appuser/coolhub/.next/standalone/.next/server/app/login/page.js:1:6743)
[31m[auth][details][0m: {
  "provider": "credentials"
}
[31m[auth][error][0m CallbackRouteError: Read more at https://errors.authjs.dev#callbackrouteerror
[31m[auth][cause][0m: Error: self-signed certificate
    at TLSSocket.onConnectSecure (node:_tls_wrap:1695:34)
    at TLSSocket.emit (node:events:524:28)
    at TLSSocket._finishInit (node:_tls_wrap:1093:8)
    at ssl.onhandshakedone (node:_tls_wrap:879:12)
    at TLSWrap.callbackTrampoline (node:internal/async_hooks:130:17)
    at /home/appuser/coolhub/.next/standalone/.next/server/chunks/445.js:352:48171
    at new c (/home/appuser/coolhub/.next/standalone/.next/server/chunks/445.js:352:48213)
    at i (/home/appuser/coolhub/.next/standalone/.next/server/chunks/445.js:372:8477)
    at m (/home/appuser/coolhub/.next/standalone/.next/server/app/login/page.js:1:6743)
[31m[auth][details][0m: {
  "provider": "credentials"
}
[31m[auth][error][0m CallbackRouteError: Read more at https://errors.authjs.dev#callbackrouteerror
[31m[auth][cause][0m: Error: self-signed certificate
    at TLSSocket.onConnectSecure (node:_tls_wrap:1695:34)
    at TLSSocket.emit (node:events:524:28)
    at TLSSocket._finishInit (node:_tls_wrap:1093:8)
    at ssl.onhandshakedone (node:_tls_wrap:879:12)
    at TLSWrap.callbackTrampoline (node:internal/async_hooks:130:17)
    at /home/appuser/coolhub/.next/standalone/.next/server/chunks/445.js:352:48171
    at new c (/home/appuser/coolhub/.next/standalone/.next/server/chunks/445.js:352:48213)
    at i (/home/appuser/coolhub/.next/standalone/.next/server/chunks/445.js:372:8477)
    at m (/home/appuser/coolhub/.next/standalone/.next/server/app/login/page.js:1:6743)
[31m[auth][details][0m: {
  "provider": "credentials"
}
[31m[auth][error][0m CallbackRouteError: Read more at https://errors.authjs.dev#callbackrouteerror
[31m[auth][cause][0m: Error: self-signed certificate
    at TLSSocket.onConnectSecure (node:_tls_wrap:1695:34)
    at TLSSocket.emit (node:events:524:28)
    at TLSSocket._finishInit (node:_tls_wrap:1093:8)
    at ssl.onhandshakedone (node:_tls_wrap:879:12)
    at TLSWrap.callbackTrampoline (node:internal/async_hooks:130:17)
    at /home/appuser/coolhub/.next/standalone/.next/server/chunks/445.js:352:48171
    at new c (/home/appuser/coolhub/.next/standalone/.next/server/chunks/445.js:352:48213)
    at i (/home/appuser/coolhub/.next/standalone/.next/server/chunks/445.js:372:8477)
    at m (/home/appuser/coolhub/.next/standalone/.next/server/app/login/page.js:1:6743)
[31m[auth][details][0m: {
  "provider": "credentials"
}
[31m[auth][error][0m CallbackRouteError: Read more at https://errors.authjs.dev#callbackrouteerror
[31m[auth][cause][0m: Error: self-signed certificate
    at TLSSocket.onConnectSecure (node:_tls_wrap:1695:34)
    at TLSSocket.emit (node:events:524:28)
    at TLSSocket._finishInit (node:_tls_wrap:1093:8)
    at ssl.onhandshakedone (node:_tls_wrap:879:12)
    at TLSWrap.callbackTrampoline (node:internal/async_hooks:130:17)
    at /home/appuser/coolhub/.next/standalone/.next/server/chunks/445.js:352:48171
    at new c (/home/appuser/coolhub/.next/standalone/.next/server/chunks/445.js:352:48213)
    at i (/home/appuser/coolhub/.next/standalone/.next/server/chunks/445.js:372:8477)
    at m (/home/appuser/coolhub/.next/standalone/.next/server/app/login/page.js:1:6743)
[31m[auth][details][0m: {
  "provider": "credentials"
}
[31m[auth][error][0m CallbackRouteError: Read more at https://errors.authjs.dev#callbackrouteerror
[31m[auth][cause][0m: Error: self-signed certificate
    at TLSSocket.onConnectSecure (node:_tls_wrap:1695:34)
    at TLSSocket.emit (node:events:524:28)
    at TLSSocket._finishInit (node:_tls_wrap:1093:8)
    at ssl.onhandshakedone (node:_tls_wrap:879:12)
    at TLSWrap.callbackTrampoline (node:internal/async_hooks:130:17)
    at /home/appuser/coolhub/.next/standalone/.next/server/chunks/445.js:352:48171
    at new c (/home/appuser/coolhub/.next/standalone/.next/server/chunks/445.js:352:48213)
    at i (/home/appuser/coolhub/.next/standalone/.next/server/chunks/445.js:372:8477)
    at m (/home/appuser/coolhub/.next/standalone/.next/server/app/login/page.js:1:6743)
[31m[auth][details][0m: {
  "provider": "credentials"
}
  ▲ Next.js 14.2.35
  - Local:        http://localhost:3000
  - Network:      http://0.0.0.0:3000

 ✓ Starting...
 ✓ Ready in 132ms
[31m[auth][error][0m CallbackRouteError: Read more at https://errors.authjs.dev#callbackrouteerror
[31m[auth][cause][0m: Error: self-signed certificate
    at TLSSocket.onConnectSecure (node:_tls_wrap:1695:34)
    at TLSSocket.emit (node:events:524:28)
    at TLSSocket._finishInit (node:_tls_wrap:1093:8)
    at ssl.onhandshakedone (node:_tls_wrap:879:12)
    at TLSWrap.callbackTrampoline (node:internal/async_hooks:130:17)
    at /home/appuser/coolhub/.next/standalone/.next/server/chunks/445.js:352:48171
    at new c (/home/appuser/coolhub/.next/standalone/.next/server/chunks/445.js:352:48213)
    at i (/home/appuser/coolhub/.next/standalone/.next/server/chunks/445.js:372:8477)
    at m (/home/appuser/coolhub/.next/standalone/.next/server/app/login/page.js:1:6743)
[31m[auth][details][0m: {
  "provider": "credentials"
}
Error: Failed to find Server Action "x". This request might be from an older or newer deployment. Original error: Cannot read properties of undefined (reading 'workers')
    at r$ (/home/appuser/coolhub/.next/standalone/node_modules/.pnpm/next@14.2.35_react-dom@18.3.1_react@18.3.1__react@18.3.1_sass@1.97.3/node_modules/next/dist/compiled/next-server/app-page.runtime.prod.js:17:1667)
    at rT (/home/appuser/coolhub/.next/standalone/node_modules/.pnpm/next@14.2.35_react-dom@18.3.1_react@18.3.1__react@18.3.1_sass@1.97.3/node_modules/next/dist/compiled/next-server/app-page.runtime.prod.js:17:1634)
    at /home/appuser/coolhub/.next/standalone/node_modules/.pnpm/next@14.2.35_react-dom@18.3.1_react@18.3.1__react@18.3.1_sass@1.97.3/node_modules/next/dist/compiled/next-server/app-page.runtime.prod.js:15:8498
    at AsyncLocalStorage.run (node:async_hooks:346:14)
    at rE (/home/appuser/coolhub/.next/standalone/node_modules/.pnpm/next@14.2.35_react-dom@18.3.1_react@18.3.1__react@18.3.1_sass@1.97.3/node_modules/next/dist/compiled/next-server/app-page.runtime.prod.js:15:8305)
    at no (/home/appuser/coolhub/.next/standalone/node_modules/.pnpm/next@14.2.35_react-dom@18.3.1_react@18.3.1__react@18.3.1_sass@1.97.3/node_modules/next/dist/compiled/next-server/app-page.runtime.prod.js:19:1150)
    at /home/appuser/coolhub/.next/standalone/node_modules/.pnpm/next@14.2.35_react-dom@18.3.1_react@18.3.1__react@18.3.1_sass@1.97.3/node_modules/next/dist/compiled/next-server/app-page.runtime.prod.js:20:726
    at AsyncLocalStorage.run (node:async_hooks:346:14)
    at Object.wrap (/home/appuser/coolhub/.next/standalone/node_modules/.pnpm/next@14.2.35_react-dom@18.3.1_react@18.3.1__react@18.3.1_sass@1.97.3/node_modules/next/dist/compiled/next-server/app-page.runtime.prod.js:13:17831)
    at /home/appuser/coolhub/.next/standalone/node_modules/.pnpm/next@14.2.35_react-dom@18.3.1_react@18.3.1__react@18.3.1_sass@1.97.3/node_modules/next/dist/compiled/next-server/app-page.runtime.prod.js:20:616
[31m[auth][error][0m CallbackRouteError: Read more at https://errors.authjs.dev#callbackrouteerror
[31m[auth][cause][0m: Error: self-signed certificate
    at TLSSocket.onConnectSecure (node:_tls_wrap:1695:34)
    at TLSSocket.emit (node:events:524:28)
    at TLSSocket._finishInit (node:_tls_wrap:1093:8)
    at ssl.onhandshakedone (node:_tls_wrap:879:12)
    at TLSWrap.callbackTrampoline (node:internal/async_hooks:130:17)
    at /home/appuser/coolhub/.next/standalone/.next/server/chunks/445.js:352:48171
    at new c (/home/appuser/coolhub/.next/standalone/.next/server/chunks/445.js:352:48213)
    at i (/home/appuser/coolhub/.next/standalone/.next/server/chunks/445.js:372:8477)
    at m (/home/appuser/coolhub/.next/standalone/.next/server/app/login/page.js:1:6743)
[31m[auth][details][0m: {
  "provider": "credentials"
}
[31m[auth][error][0m CallbackRouteError: Read more at https://errors.authjs.dev#callbackrouteerror
[31m[auth][cause][0m: Error: self-signed certificate
    at TLSSocket.onConnectSecure (node:_tls_wrap:1695:34)
    at TLSSocket.emit (node:events:524:28)
    at TLSSocket._finishInit (node:_tls_wrap:1093:8)
    at ssl.onhandshakedone (node:_tls_wrap:879:12)
    at TLSWrap.callbackTrampoline (node:internal/async_hooks:130:17)
    at /home/appuser/coolhub/.next/standalone/.next/server/chunks/445.js:352:48171
    at new c (/home/appuser/coolhub/.next/standalone/.next/server/chunks/445.js:352:48213)
    at i (/home/appuser/coolhub/.next/standalone/.next/server/chunks/445.js:372:8477)
    at m (/home/appuser/coolhub/.next/standalone/.next/server/app/login/page.js:1:6743)
[31m[auth][details][0m: {
  "provider": "credentials"
}
  ▲ Next.js 14.2.35
  - Local:        http://localhost:3000
  - Network:      http://0.0.0.0:3000

 ✓ Starting...
 ✓ Ready in 66ms
[31m[auth][error][0m CallbackRouteError: Read more at https://errors.authjs.dev#callbackrouteerror
[31m[auth][cause][0m: Error: self-signed certificate
    at TLSSocket.onConnectSecure (node:_tls_wrap:1695:34)
    at TLSSocket.emit (node:events:524:28)
    at TLSSocket._finishInit (node:_tls_wrap:1093:8)
    at ssl.onhandshakedone (node:_tls_wrap:879:12)
    at TLSWrap.callbackTrampoline (node:internal/async_hooks:130:17)
    at /home/appuser/coolhub/.next/standalone/.next/server/chunks/445.js:352:48171
    at new c (/home/appuser/coolhub/.next/standalone/.next/server/chunks/445.js:352:48213)
    at i (/home/appuser/coolhub/.next/standalone/.next/server/chunks/445.js:372:8477)
    at p (/home/appuser/coolhub/.next/standalone/.next/server/app/login/page.js:1:6392)
[31m[auth][details][0m: {
  "provider": "credentials"
}
  ▲ Next.js 14.2.35
  - Local:        http://localhost:3000
  - Network:      http://0.0.0.0:3000

 ✓ Starting...
 ✓ Ready in 60ms
[31m[auth][error][0m CallbackRouteError: Read more at https://errors.authjs.dev#callbackrouteerror
[31m[auth][cause][0m: Error: self-signed certificate
    at TLSSocket.onConnectSecure (node:_tls_wrap:1695:34)
    at TLSSocket.emit (node:events:524:28)
    at TLSSocket._finishInit (node:_tls_wrap:1093:8)
    at ssl.onhandshakedone (node:_tls_wrap:879:12)
    at TLSWrap.callbackTrampoline (node:internal/async_hooks:130:17)
    at /home/appuser/coolhub/.next/standalone/.next/server/chunks/445.js:352:48171
    at new c (/home/appuser/coolhub/.next/standalone/.next/server/chunks/445.js:352:48213)
    at i (/home/appuser/coolhub/.next/standalone/.next/server/chunks/445.js:372:8477)
    at p (/home/appuser/coolhub/.next/standalone/.next/server/app/login/page.js:1:6392)
[31m[auth][details][0m: {
  "provider": "credentials"
}
[31m[auth][error][0m CallbackRouteError: Read more at https://errors.authjs.dev#callbackrouteerror
[31m[auth][cause][0m: Error: self-signed certificate
    at TLSSocket.onConnectSecure (node:_tls_wrap:1695:34)
    at TLSSocket.emit (node:events:524:28)
    at TLSSocket._finishInit (node:_tls_wrap:1093:8)
    at ssl.onhandshakedone (node:_tls_wrap:879:12)
    at TLSWrap.callbackTrampoline (node:internal/async_hooks:130:17)
    at /home/appuser/coolhub/.next/standalone/.next/server/chunks/445.js:352:48171
    at new c (/home/appuser/coolhub/.next/standalone/.next/server/chunks/445.js:352:48213)
    at i (/home/appuser/coolhub/.next/standalone/.next/server/chunks/445.js:372:8477)
    at p (/home/appuser/coolhub/.next/standalone/.next/server/app/login/page.js:1:6392)
[31m[auth][details][0m: {
  "provider": "credentials"
}
